<?xml version="1.0" encoding="UTF-8"?>
<!-- Generated by org.testng.reporters.JUnitReportReporter -->
<testsuite skipped="0" hostname="DESKTOP-PBIRCUV" name="TestRunners.GoogleTest" tests="1" failures="0" timestamp="2021-02-20T12:23:37 IST" time="0.533" errors="0">
  <testcase name="runScenario" time="0.533" classname="TestRunners.GoogleTest"/>
</testsuite> <!-- TestRunners.GoogleTest -->
